<?xml version="1.0" encoding="UTF-8"?>
<testsuite name="LibraryTest" tests="1" skipped="0" failures="0" errors="0" timestamp="2016-10-17T19:57:09" hostname="s-N551JB" time="0.001">
  <properties/>
  <testcase name="testSomeLibraryMethod" classname="LibraryTest" time="0.001"/>
  <system-out><![CDATA[]]></system-out>
  <system-err><![CDATA[]]></system-err>
</testsuite>
